<?xml version="1.0" encoding="UTF-8"?>
<testsuite xmlns:xsi="http://www.w3.org/2001/XMLSchema-instance" xsi:noNamespaceSchemaLocation="https://maven.apache.org/surefire/maven-surefire-plugin/xsd/surefire-test-report.xsd" name="com.ultrasound.app.AppApplicationTests" time="0.018" tests="1" errors="0" skipped="0" failures="0">
  <properties>
    <property name="gopherProxySet" value="false"/>
    <property name="awt.toolkit" value="sun.lwawt.macosx.LWCToolkit"/>
    <property name="java.specification.version" value="11"/>
    <property name="sun.cpu.isalist" value=""/>
    <property name="sun.jnu.encoding" value="UTF-8"/>
    <property name="java.class.path" value="/Users/calebtracey/Desktop/1540Project/ultrasound-app/target/test-classes:/Users/calebtracey/Desktop/1540Project/ultrasound-app/target/classes:/Users/calebtracey/.m2/repository/org/springframework/boot/spring-boot-maven-plugin/2.5.4/spring-boot-maven-plugin-2.5.4.jar:/Users/calebtracey/.m2/repository/org/springframework/boot/spring-boot-buildpack-platform/2.5.4/spring-boot-buildpack-platform-2.5.4.jar:/Users/calebtracey/.m2/repository/com/fasterxml/jackson/module/jackson-module-parameter-names/2.12.4/jackson-module-parameter-names-2.12.4.jar:/Users/calebtracey/.m2/repository/net/java/dev/jna/jna-platform/5.7.0/jna-platform-5.7.0.jar:/Users/calebtracey/.m2/repository/net/java/dev/jna/jna/5.7.0/jna-5.7.0.jar:/Users/calebtracey/.m2/repository/org/apache/commons/commons-compress/1.20/commons-compress-1.20.jar:/Users/calebtracey/.m2/repository/org/tomlj/tomlj/1.0.0/tomlj-1.0.0.jar:/Users/calebtracey/.m2/repository/org/antlr/antlr4-runtime/4.7.2/antlr4-runtime-4.7.2.jar:/Users/calebtracey/.m2/repository/com/google/code/findbugs/jsr305/3.0.2/jsr305-3.0.2.jar:/Users/calebtracey/.m2/repository/org/springframework/boot/spring-boot-loader-tools/2.5.4/spring-boot-loader-tools-2.5.4.jar:/Users/calebtracey/.m2/repository/org/apache/maven/shared/maven-common-artifact-filters/3.2.0/maven-common-artifact-filters-3.2.0.jar:/Users/calebtracey/.m2/repository/org/apache/maven/maven-artifact/3.1.1/maven-artifact-3.1.1.jar:/Users/calebtracey/.m2/repository/org/apache/maven/maven-model/3.1.1/maven-model-3.1.1.jar:/Users/calebtracey/.m2/repository/org/apache/maven/maven-core/3.1.1/maven-core-3.1.1.jar:/Users/calebtracey/.m2/repository/org/apache/maven/maven-settings/3.1.1/maven-settings-3.1.1.jar:/Users/calebtracey/.m2/repository/org/apache/maven/maven-settings-builder/3.1.1/maven-settings-builder-3.1.1.jar:/Users/calebtracey/.m2/repository/org/apache/maven/maven-repository-metadata/3.1.1/maven-repository-metadata-3.1.1.jar:/Users/calebtracey/.m2/repository/org/apache/maven/maven-model-builder/3.1.1/maven-model-builder-3.1.1.jar:/Users/calebtracey/.m2/repository/org/apache/maven/maven-aether-provider/3.1.1/maven-aether-provider-3.1.1.jar:/Users/calebtracey/.m2/repository/org/eclipse/aether/aether-spi/0.9.0.M2/aether-spi-0.9.0.M2.jar:/Users/calebtracey/.m2/repository/org/eclipse/aether/aether-impl/0.9.0.M2/aether-impl-0.9.0.M2.jar:/Users/calebtracey/.m2/repository/org/codehaus/plexus/plexus-interpolation/1.19/plexus-interpolation-1.19.jar:/Users/calebtracey/.m2/repository/org/codehaus/plexus/plexus-component-annotations/1.5.5/plexus-component-annotations-1.5.5.jar:/Users/calebtracey/.m2/repository/org/sonatype/plexus/plexus-sec-dispatcher/1.3/plexus-sec-dispatcher-1.3.jar:/Users/calebtracey/.m2/repository/org/sonatype/plexus/plexus-cipher/1.4/plexus-cipher-1.4.jar:/Users/calebtracey/.m2/repository/org/eclipse/aether/aether-api/0.9.0.M2/aether-api-0.9.0.M2.jar:/Users/calebtracey/.m2/repository/org/eclipse/aether/aether-util/0.9.0.M2/aether-util-0.9.0.M2.jar:/Users/calebtracey/.m2/repository/org/eclipse/sisu/org.eclipse.sisu.plexus/0.0.0.M5/org.eclipse.sisu.plexus-0.0.0.M5.jar:/Users/calebtracey/.m2/repository/javax/enterprise/cdi-api/1.0/cdi-api-1.0.jar:/Users/calebtracey/.m2/repository/javax/annotation/jsr250-api/1.0/jsr250-api-1.0.jar:/Users/calebtracey/.m2/repository/javax/inject/javax.inject/1/javax.inject-1.jar:/Users/calebtracey/.m2/repository/com/google/guava/guava/10.0.1/guava-10.0.1.jar:/Users/calebtracey/.m2/repository/org/sonatype/sisu/sisu-guice/3.1.0/sisu-guice-3.1.0-no_aop.jar:/Users/calebtracey/.m2/repository/aopalliance/aopalliance/1.0/aopalliance-1.0.jar:/Users/calebtracey/.m2/repository/org/eclipse/sisu/org.eclipse.sisu.inject/0.0.0.M5/org.eclipse.sisu.inject-0.0.0.M5.jar:/Users/calebtracey/.m2/repository/org/apache/maven/shared/maven-shared-utils/3.3.3/maven-shared-utils-3.3.3.jar:/Users/calebtracey/.m2/repository/org/apache/maven/maven-plugin-api/3.6.3/maven-plugin-api-3.6.3.jar:/Users/calebtracey/.m2/repository/org/codehaus/plexus/plexus-utils/3.2.1/plexus-utils-3.2.1.jar:/Users/calebtracey/.m2/repository/org/codehaus/plexus/plexus-classworlds/2.6.0/plexus-classworlds-2.6.0.jar:/Users/calebtracey/.m2/repository/org/sonatype/plexus/plexus-build-api/0.0.7/plexus-build-api-0.0.7.jar:/Users/calebtracey/.m2/repository/org/springframework/cloud/spring-cloud-aws-context/2.2.6.RELEASE/spring-cloud-aws-context-2.2.6.RELEASE.jar:/Users/calebtracey/.m2/repository/org/springframework/cloud/spring-cloud-aws-core/2.2.6.RELEASE/spring-cloud-aws-core-2.2.6.RELEASE.jar:/Users/calebtracey/.m2/repository/com/amazonaws/aws-java-sdk-core/1.11.792/aws-java-sdk-core-1.11.792.jar:/Users/calebtracey/.m2/repository/software/amazon/ion/ion-java/1.0.2/ion-java-1.0.2.jar:/Users/calebtracey/.m2/repository/com/fasterxml/jackson/dataformat/jackson-dataformat-cbor/2.12.4/jackson-dataformat-cbor-2.12.4.jar:/Users/calebtracey/.m2/repository/joda-time/joda-time/2.8.1/joda-time-2.8.1.jar:/Users/calebtracey/.m2/repository/com/amazonaws/aws-java-sdk-s3/1.11.792/aws-java-sdk-s3-1.11.792.jar:/Users/calebtracey/.m2/repository/com/amazonaws/aws-java-sdk-kms/1.11.792/aws-java-sdk-kms-1.11.792.jar:/Users/calebtracey/.m2/repository/com/amazonaws/jmespath-java/1.11.792/jmespath-java-1.11.792.jar:/Users/calebtracey/.m2/repository/com/amazonaws/aws-java-sdk-ec2/1.11.792/aws-java-sdk-ec2-1.11.792.jar:/Users/calebtracey/.m2/repository/com/amazonaws/aws-java-sdk-cloudformation/1.11.792/aws-java-sdk-cloudformation-1.11.792.jar:/Users/calebtracey/.m2/repository/org/springframework/spring-context/5.3.9/spring-context-5.3.9.jar:/Users/calebtracey/.m2/repository/org/slf4j/slf4j-api/1.7.32/slf4j-api-1.7.32.jar:/Users/calebtracey/.m2/repository/javax/activation/javax.activation-api/1.2.0/javax.activation-api-1.2.0.jar:/Users/calebtracey/.m2/repository/software/amazon/awssdk/netty-nio-client/2.17.73/netty-nio-client-2.17.73.jar:/Users/calebtracey/.m2/repository/software/amazon/awssdk/annotations/2.17.73/annotations-2.17.73.jar:/Users/calebtracey/.m2/repository/software/amazon/awssdk/http-client-spi/2.17.73/http-client-spi-2.17.73.jar:/Users/calebtracey/.m2/repository/software/amazon/awssdk/utils/2.17.73/utils-2.17.73.jar:/Users/calebtracey/.m2/repository/software/amazon/awssdk/metrics-spi/2.17.73/metrics-spi-2.17.73.jar:/Users/calebtracey/.m2/repository/io/netty/netty-codec-http/4.1.67.Final/netty-codec-http-4.1.67.Final.jar:/Users/calebtracey/.m2/repository/io/netty/netty-codec-http2/4.1.67.Final/netty-codec-http2-4.1.67.Final.jar:/Users/calebtracey/.m2/repository/io/netty/netty-codec/4.1.67.Final/netty-codec-4.1.67.Final.jar:/Users/calebtracey/.m2/repository/io/netty/netty-transport/4.1.67.Final/netty-transport-4.1.67.Final.jar:/Users/calebtracey/.m2/repository/io/netty/netty-resolver/4.1.67.Final/netty-resolver-4.1.67.Final.jar:/Users/calebtracey/.m2/repository/io/netty/netty-common/4.1.67.Final/netty-common-4.1.67.Final.jar:/Users/calebtracey/.m2/repository/io/netty/netty-buffer/4.1.67.Final/netty-buffer-4.1.67.Final.jar:/Users/calebtracey/.m2/repository/io/netty/netty-handler/4.1.67.Final/netty-handler-4.1.67.Final.jar:/Users/calebtracey/.m2/repository/io/netty/netty-transport-native-epoll/4.1.67.Final/netty-transport-native-epoll-4.1.67.Final-linux-x86_64.jar:/Users/calebtracey/.m2/repository/io/netty/netty-transport-native-unix-common/4.1.67.Final/netty-transport-native-unix-common-4.1.67.Final.jar:/Users/calebtracey/.m2/repository/com/typesafe/netty/netty-reactive-streams-http/2.0.5/netty-reactive-streams-http-2.0.5.jar:/Users/calebtracey/.m2/repository/com/typesafe/netty/netty-reactive-streams/2.0.5/netty-reactive-streams-2.0.5.jar:/Users/calebtracey/.m2/repository/org/reactivestreams/reactive-streams/1.0.3/reactive-streams-1.0.3.jar:/Users/calebtracey/.m2/repository/org/springframework/boot/spring-boot-starter-security/2.5.4/spring-boot-starter-security-2.5.4.jar:/Users/calebtracey/.m2/repository/org/springframework/boot/spring-boot-starter/2.5.4/spring-boot-starter-2.5.4.jar:/Users/calebtracey/.m2/repository/org/springframework/boot/spring-boot-starter-logging/2.5.4/spring-boot-starter-logging-2.5.4.jar:/Users/calebtracey/.m2/repository/ch/qos/logback/logback-classic/1.2.5/logback-classic-1.2.5.jar:/Users/calebtracey/.m2/repository/ch/qos/logback/logback-core/1.2.5/logback-core-1.2.5.jar:/Users/calebtracey/.m2/repository/org/apache/logging/log4j/log4j-to-slf4j/2.14.1/log4j-to-slf4j-2.14.1.jar:/Users/calebtracey/.m2/repository/org/apache/logging/log4j/log4j-api/2.14.1/log4j-api-2.14.1.jar:/Users/calebtracey/.m2/repository/org/slf4j/jul-to-slf4j/1.7.32/jul-to-slf4j-1.7.32.jar:/Users/calebtracey/.m2/repository/jakarta/annotation/jakarta.annotation-api/1.3.5/jakarta.annotation-api-1.3.5.jar:/Users/calebtracey/.m2/repository/org/yaml/snakeyaml/1.28/snakeyaml-1.28.jar:/Users/calebtracey/.m2/repository/org/springframework/spring-aop/5.3.9/spring-aop-5.3.9.jar:/Users/calebtracey/.m2/repository/org/springframework/security/spring-security-config/5.5.2/spring-security-config-5.5.2.jar:/Users/calebtracey/.m2/repository/org/springframework/security/spring-security-web/5.5.2/spring-security-web-5.5.2.jar:/Users/calebtracey/.m2/repository/org/springframework/boot/spring-boot-starter-web/2.5.4/spring-boot-starter-web-2.5.4.jar:/Users/calebtracey/.m2/repository/org/springframework/boot/spring-boot-starter-json/2.5.4/spring-boot-starter-json-2.5.4.jar:/Users/calebtracey/.m2/repository/com/fasterxml/jackson/datatype/jackson-datatype-jdk8/2.12.4/jackson-datatype-jdk8-2.12.4.jar:/Users/calebtracey/.m2/repository/com/fasterxml/jackson/datatype/jackson-datatype-jsr310/2.12.4/jackson-datatype-jsr310-2.12.4.jar:/Users/calebtracey/.m2/repository/org/springframework/boot/spring-boot-starter-tomcat/2.5.4/spring-boot-starter-tomcat-2.5.4.jar:/Users/calebtracey/.m2/repository/org/apache/tomcat/embed/tomcat-embed-core/9.0.52/tomcat-embed-core-9.0.52.jar:/Users/calebtracey/.m2/repository/org/apache/tomcat/embed/tomcat-embed-el/9.0.52/tomcat-embed-el-9.0.52.jar:/Users/calebtracey/.m2/repository/org/apache/tomcat/embed/tomcat-embed-websocket/9.0.52/tomcat-embed-websocket-9.0.52.jar:/Users/calebtracey/.m2/repository/org/springframework/spring-web/5.3.9/spring-web-5.3.9.jar:/Users/calebtracey/.m2/repository/org/springframework/spring-webmvc/5.3.9/spring-webmvc-5.3.9.jar:/Users/calebtracey/.m2/repository/org/springframework/data/spring-data-mongodb/3.2.4/spring-data-mongodb-3.2.4.jar:/Users/calebtracey/.m2/repository/org/springframework/spring-tx/5.3.9/spring-tx-5.3.9.jar:/Users/calebtracey/.m2/repository/org/springframework/spring-beans/5.3.9/spring-beans-5.3.9.jar:/Users/calebtracey/.m2/repository/org/springframework/spring-core/5.3.9/spring-core-5.3.9.jar:/Users/calebtracey/.m2/repository/org/springframework/spring-jcl/5.3.9/spring-jcl-5.3.9.jar:/Users/calebtracey/.m2/repository/org/springframework/spring-expression/5.3.9/spring-expression-5.3.9.jar:/Users/calebtracey/.m2/repository/org/springframework/data/spring-data-commons/2.5.4/spring-data-commons-2.5.4.jar:/Users/calebtracey/.m2/repository/org/mongodb/mongodb-driver-core/4.2.3/mongodb-driver-core-4.2.3.jar:/Users/calebtracey/.m2/repository/org/mongodb/mongodb-driver-sync/4.2.3/mongodb-driver-sync-4.2.3.jar:/Users/calebtracey/.m2/repository/org/mongodb/bson/4.2.3/bson-4.2.3.jar:/Users/calebtracey/.m2/repository/org/springframework/boot/spring-boot-devtools/2.5.4/spring-boot-devtools-2.5.4.jar:/Users/calebtracey/.m2/repository/org/springframework/boot/spring-boot/2.5.4/spring-boot-2.5.4.jar:/Users/calebtracey/.m2/repository/org/springframework/boot/spring-boot-autoconfigure/2.5.4/spring-boot-autoconfigure-2.5.4.jar:/Users/calebtracey/.m2/repository/org/projectlombok/lombok/1.18.20/lombok-1.18.20.jar:/Users/calebtracey/.m2/repository/org/springframework/boot/spring-boot-starter-test/2.5.4/spring-boot-starter-test-2.5.4.jar:/Users/calebtracey/.m2/repository/org/springframework/boot/spring-boot-test/2.5.4/spring-boot-test-2.5.4.jar:/Users/calebtracey/.m2/repository/org/springframework/boot/spring-boot-test-autoconfigure/2.5.4/spring-boot-test-autoconfigure-2.5.4.jar:/Users/calebtracey/.m2/repository/com/jayway/jsonpath/json-path/2.5.0/json-path-2.5.0.jar:/Users/calebtracey/.m2/repository/net/minidev/json-smart/2.4.7/json-smart-2.4.7.jar:/Users/calebtracey/.m2/repository/net/minidev/accessors-smart/2.4.7/accessors-smart-2.4.7.jar:/Users/calebtracey/.m2/repository/org/ow2/asm/asm/9.1/asm-9.1.jar:/Users/calebtracey/.m2/repository/jakarta/xml/bind/jakarta.xml.bind-api/2.3.3/jakarta.xml.bind-api-2.3.3.jar:/Users/calebtracey/.m2/repository/jakarta/activation/jakarta.activation-api/1.2.2/jakarta.activation-api-1.2.2.jar:/Users/calebtracey/.m2/repository/org/assertj/assertj-core/3.19.0/assertj-core-3.19.0.jar:/Users/calebtracey/.m2/repository/org/hamcrest/hamcrest/2.2/hamcrest-2.2.jar:/Users/calebtracey/.m2/repository/org/junit/jupiter/junit-jupiter/5.7.2/junit-jupiter-5.7.2.jar:/Users/calebtracey/.m2/repository/org/junit/jupiter/junit-jupiter-api/5.7.2/junit-jupiter-api-5.7.2.jar:/Users/calebtracey/.m2/repository/org/apiguardian/apiguardian-api/1.1.0/apiguardian-api-1.1.0.jar:/Users/calebtracey/.m2/repository/org/opentest4j/opentest4j/1.2.0/opentest4j-1.2.0.jar:/Users/calebtracey/.m2/repository/org/junit/platform/junit-platform-commons/1.7.2/junit-platform-commons-1.7.2.jar:/Users/calebtracey/.m2/repository/org/junit/jupiter/junit-jupiter-params/5.7.2/junit-jupiter-params-5.7.2.jar:/Users/calebtracey/.m2/repository/org/junit/jupiter/junit-jupiter-engine/5.7.2/junit-jupiter-engine-5.7.2.jar:/Users/calebtracey/.m2/repository/org/junit/platform/junit-platform-engine/1.7.2/junit-platform-engine-1.7.2.jar:/Users/calebtracey/.m2/repository/org/mockito/mockito-core/3.9.0/mockito-core-3.9.0.jar:/Users/calebtracey/.m2/repository/net/bytebuddy/byte-buddy/1.10.22/byte-buddy-1.10.22.jar:/Users/calebtracey/.m2/repository/net/bytebuddy/byte-buddy-agent/1.10.22/byte-buddy-agent-1.10.22.jar:/Users/calebtracey/.m2/repository/org/objenesis/objenesis/3.2/objenesis-3.2.jar:/Users/calebtracey/.m2/repository/org/mockito/mockito-junit-jupiter/3.9.0/mockito-junit-jupiter-3.9.0.jar:/Users/calebtracey/.m2/repository/org/skyscreamer/jsonassert/1.5.0/jsonassert-1.5.0.jar:/Users/calebtracey/.m2/repository/com/vaadin/external/google/android-json/0.0.20131108.vaadin1/android-json-0.0.20131108.vaadin1.jar:/Users/calebtracey/.m2/repository/org/springframework/spring-test/5.3.9/spring-test-5.3.9.jar:/Users/calebtracey/.m2/repository/org/xmlunit/xmlunit-core/2.8.2/xmlunit-core-2.8.2.jar:/Users/calebtracey/.m2/repository/org/springframework/security/spring-security-test/5.5.2/spring-security-test-5.5.2.jar:/Users/calebtracey/.m2/repository/org/springframework/security/spring-security-core/5.5.2/spring-security-core-5.5.2.jar:/Users/calebtracey/.m2/repository/org/springframework/security/spring-security-crypto/5.5.2/spring-security-crypto-5.5.2.jar:/Users/calebtracey/.m2/repository/javax/xml/bind/jaxb-api/2.3.1/jaxb-api-2.3.1.jar:/Users/calebtracey/.m2/repository/javax/persistence/javax.persistence-api/2.2/javax.persistence-api-2.2.jar:/Users/calebtracey/.m2/repository/javax/validation/validation-api/2.0.1.Final/validation-api-2.0.1.Final.jar:/Users/calebtracey/.m2/repository/io/jsonwebtoken/jjwt/0.9.1/jjwt-0.9.1.jar:/Users/calebtracey/.m2/repository/com/fasterxml/jackson/core/jackson-databind/2.12.4/jackson-databind-2.12.4.jar:/Users/calebtracey/.m2/repository/com/fasterxml/jackson/core/jackson-annotations/2.12.4/jackson-annotations-2.12.4.jar:/Users/calebtracey/.m2/repository/com/fasterxml/jackson/core/jackson-core/2.12.4/jackson-core-2.12.4.jar:/Users/calebtracey/.m2/repository/com/auth0/java-jwt/3.18.1/java-jwt-3.18.1.jar:/Users/calebtracey/.m2/repository/commons-io/commons-io/2.11.0/commons-io-2.11.0.jar:/Users/calebtracey/.m2/repository/org/apache/commons/commons-lang3/3.12.0/commons-lang3-3.12.0.jar:/Users/calebtracey/.m2/repository/io/projectreactor/reactor-core/3.4.9/reactor-core-3.4.9.jar:/Users/calebtracey/.m2/repository/org/apache/httpcomponents/httpclient/4.5.13/httpclient-4.5.13.jar:/Users/calebtracey/.m2/repository/org/apache/httpcomponents/httpcore/4.4.14/httpcore-4.4.14.jar:/Users/calebtracey/.m2/repository/commons-codec/commons-codec/1.15/commons-codec-1.15.jar:/Users/calebtracey/.m2/repository/org/jetbrains/annotations/23.0.0/annotations-23.0.0.jar:"/>
    <property name="java.vm.vendor" value="Amazon.com Inc."/>
    <property name="sun.arch.data.model" value="64"/>
    <property name="java.vendor.url" value="https://aws.amazon.com/corretto/"/>
    <property name="user.timezone" value=""/>
    <property name="java.vm.specification.version" value="11"/>
    <property name="os.name" value="Mac OS X"/>
    <property name="sun.java.launcher" value="SUN_STANDARD"/>
    <property name="user.country" value="US"/>
    <property name="sun.boot.library.path" value="/Users/calebtracey/Library/Java/JavaVirtualMachines/corretto-11.0.12/Contents/Home/lib"/>
    <property name="sun.java.command" value="/Users/calebtracey/Desktop/1540Project/ultrasound-app/target/surefire/surefirebooter13058449784056779499.jar /Users/calebtracey/Desktop/1540Project/ultrasound-app/target/surefire 2022-04-13T01-11-39_955-jvmRun1 surefire367759699030209303tmp surefire_05856491523065689480tmp"/>
    <property name="http.nonProxyHosts" value="local|*.local|169.254/16|*.169.254/16"/>
    <property name="jdk.debug" value="release"/>
    <property name="surefire.test.class.path" value="/Users/calebtracey/Desktop/1540Project/ultrasound-app/target/test-classes:/Users/calebtracey/Desktop/1540Project/ultrasound-app/target/classes:/Users/calebtracey/.m2/repository/org/springframework/boot/spring-boot-maven-plugin/2.5.4/spring-boot-maven-plugin-2.5.4.jar:/Users/calebtracey/.m2/repository/org/springframework/boot/spring-boot-buildpack-platform/2.5.4/spring-boot-buildpack-platform-2.5.4.jar:/Users/calebtracey/.m2/repository/com/fasterxml/jackson/module/jackson-module-parameter-names/2.12.4/jackson-module-parameter-names-2.12.4.jar:/Users/calebtracey/.m2/repository/net/java/dev/jna/jna-platform/5.7.0/jna-platform-5.7.0.jar:/Users/calebtracey/.m2/repository/net/java/dev/jna/jna/5.7.0/jna-5.7.0.jar:/Users/calebtracey/.m2/repository/org/apache/commons/commons-compress/1.20/commons-compress-1.20.jar:/Users/calebtracey/.m2/repository/org/tomlj/tomlj/1.0.0/tomlj-1.0.0.jar:/Users/calebtracey/.m2/repository/org/antlr/antlr4-runtime/4.7.2/antlr4-runtime-4.7.2.jar:/Users/calebtracey/.m2/repository/com/google/code/findbugs/jsr305/3.0.2/jsr305-3.0.2.jar:/Users/calebtracey/.m2/repository/org/springframework/boot/spring-boot-loader-tools/2.5.4/spring-boot-loader-tools-2.5.4.jar:/Users/calebtracey/.m2/repository/org/apache/maven/shared/maven-common-artifact-filters/3.2.0/maven-common-artifact-filters-3.2.0.jar:/Users/calebtracey/.m2/repository/org/apache/maven/maven-artifact/3.1.1/maven-artifact-3.1.1.jar:/Users/calebtracey/.m2/repository/org/apache/maven/maven-model/3.1.1/maven-model-3.1.1.jar:/Users/calebtracey/.m2/repository/org/apache/maven/maven-core/3.1.1/maven-core-3.1.1.jar:/Users/calebtracey/.m2/repository/org/apache/maven/maven-settings/3.1.1/maven-settings-3.1.1.jar:/Users/calebtracey/.m2/repository/org/apache/maven/maven-settings-builder/3.1.1/maven-settings-builder-3.1.1.jar:/Users/calebtracey/.m2/repository/org/apache/maven/maven-repository-metadata/3.1.1/maven-repository-metadata-3.1.1.jar:/Users/calebtracey/.m2/repository/org/apache/maven/maven-model-builder/3.1.1/maven-model-builder-3.1.1.jar:/Users/calebtracey/.m2/repository/org/apache/maven/maven-aether-provider/3.1.1/maven-aether-provider-3.1.1.jar:/Users/calebtracey/.m2/repository/org/eclipse/aether/aether-spi/0.9.0.M2/aether-spi-0.9.0.M2.jar:/Users/calebtracey/.m2/repository/org/eclipse/aether/aether-impl/0.9.0.M2/aether-impl-0.9.0.M2.jar:/Users/calebtracey/.m2/repository/org/codehaus/plexus/plexus-interpolation/1.19/plexus-interpolation-1.19.jar:/Users/calebtracey/.m2/repository/org/codehaus/plexus/plexus-component-annotations/1.5.5/plexus-component-annotations-1.5.5.jar:/Users/calebtracey/.m2/repository/org/sonatype/plexus/plexus-sec-dispatcher/1.3/plexus-sec-dispatcher-1.3.jar:/Users/calebtracey/.m2/repository/org/sonatype/plexus/plexus-cipher/1.4/plexus-cipher-1.4.jar:/Users/calebtracey/.m2/repository/org/eclipse/aether/aether-api/0.9.0.M2/aether-api-0.9.0.M2.jar:/Users/calebtracey/.m2/repository/org/eclipse/aether/aether-util/0.9.0.M2/aether-util-0.9.0.M2.jar:/Users/calebtracey/.m2/repository/org/eclipse/sisu/org.eclipse.sisu.plexus/0.0.0.M5/org.eclipse.sisu.plexus-0.0.0.M5.jar:/Users/calebtracey/.m2/repository/javax/enterprise/cdi-api/1.0/cdi-api-1.0.jar:/Users/calebtracey/.m2/repository/javax/annotation/jsr250-api/1.0/jsr250-api-1.0.jar:/Users/calebtracey/.m2/repository/javax/inject/javax.inject/1/javax.inject-1.jar:/Users/calebtracey/.m2/repository/com/google/guava/guava/10.0.1/guava-10.0.1.jar:/Users/calebtracey/.m2/repository/org/sonatype/sisu/sisu-guice/3.1.0/sisu-guice-3.1.0-no_aop.jar:/Users/calebtracey/.m2/repository/aopalliance/aopalliance/1.0/aopalliance-1.0.jar:/Users/calebtracey/.m2/repository/org/eclipse/sisu/org.eclipse.sisu.inject/0.0.0.M5/org.eclipse.sisu.inject-0.0.0.M5.jar:/Users/calebtracey/.m2/repository/org/apache/maven/shared/maven-shared-utils/3.3.3/maven-shared-utils-3.3.3.jar:/Users/calebtracey/.m2/repository/org/apache/maven/maven-plugin-api/3.6.3/maven-plugin-api-3.6.3.jar:/Users/calebtracey/.m2/repository/org/codehaus/plexus/plexus-utils/3.2.1/plexus-utils-3.2.1.jar:/Users/calebtracey/.m2/repository/org/codehaus/plexus/plexus-classworlds/2.6.0/plexus-classworlds-2.6.0.jar:/Users/calebtracey/.m2/repository/org/sonatype/plexus/plexus-build-api/0.0.7/plexus-build-api-0.0.7.jar:/Users/calebtracey/.m2/repository/org/springframework/cloud/spring-cloud-aws-context/2.2.6.RELEASE/spring-cloud-aws-context-2.2.6.RELEASE.jar:/Users/calebtracey/.m2/repository/org/springframework/cloud/spring-cloud-aws-core/2.2.6.RELEASE/spring-cloud-aws-core-2.2.6.RELEASE.jar:/Users/calebtracey/.m2/repository/com/amazonaws/aws-java-sdk-core/1.11.792/aws-java-sdk-core-1.11.792.jar:/Users/calebtracey/.m2/repository/software/amazon/ion/ion-java/1.0.2/ion-java-1.0.2.jar:/Users/calebtracey/.m2/repository/com/fasterxml/jackson/dataformat/jackson-dataformat-cbor/2.12.4/jackson-dataformat-cbor-2.12.4.jar:/Users/calebtracey/.m2/repository/joda-time/joda-time/2.8.1/joda-time-2.8.1.jar:/Users/calebtracey/.m2/repository/com/amazonaws/aws-java-sdk-s3/1.11.792/aws-java-sdk-s3-1.11.792.jar:/Users/calebtracey/.m2/repository/com/amazonaws/aws-java-sdk-kms/1.11.792/aws-java-sdk-kms-1.11.792.jar:/Users/calebtracey/.m2/repository/com/amazonaws/jmespath-java/1.11.792/jmespath-java-1.11.792.jar:/Users/calebtracey/.m2/repository/com/amazonaws/aws-java-sdk-ec2/1.11.792/aws-java-sdk-ec2-1.11.792.jar:/Users/calebtracey/.m2/repository/com/amazonaws/aws-java-sdk-cloudformation/1.11.792/aws-java-sdk-cloudformation-1.11.792.jar:/Users/calebtracey/.m2/repository/org/springframework/spring-context/5.3.9/spring-context-5.3.9.jar:/Users/calebtracey/.m2/repository/org/slf4j/slf4j-api/1.7.32/slf4j-api-1.7.32.jar:/Users/calebtracey/.m2/repository/javax/activation/javax.activation-api/1.2.0/javax.activation-api-1.2.0.jar:/Users/calebtracey/.m2/repository/software/amazon/awssdk/netty-nio-client/2.17.73/netty-nio-client-2.17.73.jar:/Users/calebtracey/.m2/repository/software/amazon/awssdk/annotations/2.17.73/annotations-2.17.73.jar:/Users/calebtracey/.m2/repository/software/amazon/awssdk/http-client-spi/2.17.73/http-client-spi-2.17.73.jar:/Users/calebtracey/.m2/repository/software/amazon/awssdk/utils/2.17.73/utils-2.17.73.jar:/Users/calebtracey/.m2/repository/software/amazon/awssdk/metrics-spi/2.17.73/metrics-spi-2.17.73.jar:/Users/calebtracey/.m2/repository/io/netty/netty-codec-http/4.1.67.Final/netty-codec-http-4.1.67.Final.jar:/Users/calebtracey/.m2/repository/io/netty/netty-codec-http2/4.1.67.Final/netty-codec-http2-4.1.67.Final.jar:/Users/calebtracey/.m2/repository/io/netty/netty-codec/4.1.67.Final/netty-codec-4.1.67.Final.jar:/Users/calebtracey/.m2/repository/io/netty/netty-transport/4.1.67.Final/netty-transport-4.1.67.Final.jar:/Users/calebtracey/.m2/repository/io/netty/netty-resolver/4.1.67.Final/netty-resolver-4.1.67.Final.jar:/Users/calebtracey/.m2/repository/io/netty/netty-common/4.1.67.Final/netty-common-4.1.67.Final.jar:/Users/calebtracey/.m2/repository/io/netty/netty-buffer/4.1.67.Final/netty-buffer-4.1.67.Final.jar:/Users/calebtracey/.m2/repository/io/netty/netty-handler/4.1.67.Final/netty-handler-4.1.67.Final.jar:/Users/calebtracey/.m2/repository/io/netty/netty-transport-native-epoll/4.1.67.Final/netty-transport-native-epoll-4.1.67.Final-linux-x86_64.jar:/Users/calebtracey/.m2/repository/io/netty/netty-transport-native-unix-common/4.1.67.Final/netty-transport-native-unix-common-4.1.67.Final.jar:/Users/calebtracey/.m2/repository/com/typesafe/netty/netty-reactive-streams-http/2.0.5/netty-reactive-streams-http-2.0.5.jar:/Users/calebtracey/.m2/repository/com/typesafe/netty/netty-reactive-streams/2.0.5/netty-reactive-streams-2.0.5.jar:/Users/calebtracey/.m2/repository/org/reactivestreams/reactive-streams/1.0.3/reactive-streams-1.0.3.jar:/Users/calebtracey/.m2/repository/org/springframework/boot/spring-boot-starter-security/2.5.4/spring-boot-starter-security-2.5.4.jar:/Users/calebtracey/.m2/repository/org/springframework/boot/spring-boot-starter/2.5.4/spring-boot-starter-2.5.4.jar:/Users/calebtracey/.m2/repository/org/springframework/boot/spring-boot-starter-logging/2.5.4/spring-boot-starter-logging-2.5.4.jar:/Users/calebtracey/.m2/repository/ch/qos/logback/logback-classic/1.2.5/logback-classic-1.2.5.jar:/Users/calebtracey/.m2/repository/ch/qos/logback/logback-core/1.2.5/logback-core-1.2.5.jar:/Users/calebtracey/.m2/repository/org/apache/logging/log4j/log4j-to-slf4j/2.14.1/log4j-to-slf4j-2.14.1.jar:/Users/calebtracey/.m2/repository/org/apache/logging/log4j/log4j-api/2.14.1/log4j-api-2.14.1.jar:/Users/calebtracey/.m2/repository/org/slf4j/jul-to-slf4j/1.7.32/jul-to-slf4j-1.7.32.jar:/Users/calebtracey/.m2/repository/jakarta/annotation/jakarta.annotation-api/1.3.5/jakarta.annotation-api-1.3.5.jar:/Users/calebtracey/.m2/repository/org/yaml/snakeyaml/1.28/snakeyaml-1.28.jar:/Users/calebtracey/.m2/repository/org/springframework/spring-aop/5.3.9/spring-aop-5.3.9.jar:/Users/calebtracey/.m2/repository/org/springframework/security/spring-security-config/5.5.2/spring-security-config-5.5.2.jar:/Users/calebtracey/.m2/repository/org/springframework/security/spring-security-web/5.5.2/spring-security-web-5.5.2.jar:/Users/calebtracey/.m2/repository/org/springframework/boot/spring-boot-starter-web/2.5.4/spring-boot-starter-web-2.5.4.jar:/Users/calebtracey/.m2/repository/org/springframework/boot/spring-boot-starter-json/2.5.4/spring-boot-starter-json-2.5.4.jar:/Users/calebtracey/.m2/repository/com/fasterxml/jackson/datatype/jackson-datatype-jdk8/2.12.4/jackson-datatype-jdk8-2.12.4.jar:/Users/calebtracey/.m2/repository/com/fasterxml/jackson/datatype/jackson-datatype-jsr310/2.12.4/jackson-datatype-jsr310-2.12.4.jar:/Users/calebtracey/.m2/repository/org/springframework/boot/spring-boot-starter-tomcat/2.5.4/spring-boot-starter-tomcat-2.5.4.jar:/Users/calebtracey/.m2/repository/org/apache/tomcat/embed/tomcat-embed-core/9.0.52/tomcat-embed-core-9.0.52.jar:/Users/calebtracey/.m2/repository/org/apache/tomcat/embed/tomcat-embed-el/9.0.52/tomcat-embed-el-9.0.52.jar:/Users/calebtracey/.m2/repository/org/apache/tomcat/embed/tomcat-embed-websocket/9.0.52/tomcat-embed-websocket-9.0.52.jar:/Users/calebtracey/.m2/repository/org/springframework/spring-web/5.3.9/spring-web-5.3.9.jar:/Users/calebtracey/.m2/repository/org/springframework/spring-webmvc/5.3.9/spring-webmvc-5.3.9.jar:/Users/calebtracey/.m2/repository/org/springframework/data/spring-data-mongodb/3.2.4/spring-data-mongodb-3.2.4.jar:/Users/calebtracey/.m2/repository/org/springframework/spring-tx/5.3.9/spring-tx-5.3.9.jar:/Users/calebtracey/.m2/repository/org/springframework/spring-beans/5.3.9/spring-beans-5.3.9.jar:/Users/calebtracey/.m2/repository/org/springframework/spring-core/5.3.9/spring-core-5.3.9.jar:/Users/calebtracey/.m2/repository/org/springframework/spring-jcl/5.3.9/spring-jcl-5.3.9.jar:/Users/calebtracey/.m2/repository/org/springframework/spring-expression/5.3.9/spring-expression-5.3.9.jar:/Users/calebtracey/.m2/repository/org/springframework/data/spring-data-commons/2.5.4/spring-data-commons-2.5.4.jar:/Users/calebtracey/.m2/repository/org/mongodb/mongodb-driver-core/4.2.3/mongodb-driver-core-4.2.3.jar:/Users/calebtracey/.m2/repository/org/mongodb/mongodb-driver-sync/4.2.3/mongodb-driver-sync-4.2.3.jar:/Users/calebtracey/.m2/repository/org/mongodb/bson/4.2.3/bson-4.2.3.jar:/Users/calebtracey/.m2/repository/org/springframework/boot/spring-boot-devtools/2.5.4/spring-boot-devtools-2.5.4.jar:/Users/calebtracey/.m2/repository/org/springframework/boot/spring-boot/2.5.4/spring-boot-2.5.4.jar:/Users/calebtracey/.m2/repository/org/springframework/boot/spring-boot-autoconfigure/2.5.4/spring-boot-autoconfigure-2.5.4.jar:/Users/calebtracey/.m2/repository/org/projectlombok/lombok/1.18.20/lombok-1.18.20.jar:/Users/calebtracey/.m2/repository/org/springframework/boot/spring-boot-starter-test/2.5.4/spring-boot-starter-test-2.5.4.jar:/Users/calebtracey/.m2/repository/org/springframework/boot/spring-boot-test/2.5.4/spring-boot-test-2.5.4.jar:/Users/calebtracey/.m2/repository/org/springframework/boot/spring-boot-test-autoconfigure/2.5.4/spring-boot-test-autoconfigure-2.5.4.jar:/Users/calebtracey/.m2/repository/com/jayway/jsonpath/json-path/2.5.0/json-path-2.5.0.jar:/Users/calebtracey/.m2/repository/net/minidev/json-smart/2.4.7/json-smart-2.4.7.jar:/Users/calebtracey/.m2/repository/net/minidev/accessors-smart/2.4.7/accessors-smart-2.4.7.jar:/Users/calebtracey/.m2/repository/org/ow2/asm/asm/9.1/asm-9.1.jar:/Users/calebtracey/.m2/repository/jakarta/xml/bind/jakarta.xml.bind-api/2.3.3/jakarta.xml.bind-api-2.3.3.jar:/Users/calebtracey/.m2/repository/jakarta/activation/jakarta.activation-api/1.2.2/jakarta.activation-api-1.2.2.jar:/Users/calebtracey/.m2/repository/org/assertj/assertj-core/3.19.0/assertj-core-3.19.0.jar:/Users/calebtracey/.m2/repository/org/hamcrest/hamcrest/2.2/hamcrest-2.2.jar:/Users/calebtracey/.m2/repository/org/junit/jupiter/junit-jupiter/5.7.2/junit-jupiter-5.7.2.jar:/Users/calebtracey/.m2/repository/org/junit/jupiter/junit-jupiter-api/5.7.2/junit-jupiter-api-5.7.2.jar:/Users/calebtracey/.m2/repository/org/apiguardian/apiguardian-api/1.1.0/apiguardian-api-1.1.0.jar:/Users/calebtracey/.m2/repository/org/opentest4j/opentest4j/1.2.0/opentest4j-1.2.0.jar:/Users/calebtracey/.m2/repository/org/junit/platform/junit-platform-commons/1.7.2/junit-platform-commons-1.7.2.jar:/Users/calebtracey/.m2/repository/org/junit/jupiter/junit-jupiter-params/5.7.2/junit-jupiter-params-5.7.2.jar:/Users/calebtracey/.m2/repository/org/junit/jupiter/junit-jupiter-engine/5.7.2/junit-jupiter-engine-5.7.2.jar:/Users/calebtracey/.m2/repository/org/junit/platform/junit-platform-engine/1.7.2/junit-platform-engine-1.7.2.jar:/Users/calebtracey/.m2/repository/org/mockito/mockito-core/3.9.0/mockito-core-3.9.0.jar:/Users/calebtracey/.m2/repository/net/bytebuddy/byte-buddy/1.10.22/byte-buddy-1.10.22.jar:/Users/calebtracey/.m2/repository/net/bytebuddy/byte-buddy-agent/1.10.22/byte-buddy-agent-1.10.22.jar:/Users/calebtracey/.m2/repository/org/objenesis/objenesis/3.2/objenesis-3.2.jar:/Users/calebtracey/.m2/repository/org/mockito/mockito-junit-jupiter/3.9.0/mockito-junit-jupiter-3.9.0.jar:/Users/calebtracey/.m2/repository/org/skyscreamer/jsonassert/1.5.0/jsonassert-1.5.0.jar:/Users/calebtracey/.m2/repository/com/vaadin/external/google/android-json/0.0.20131108.vaadin1/android-json-0.0.20131108.vaadin1.jar:/Users/calebtracey/.m2/repository/org/springframework/spring-test/5.3.9/spring-test-5.3.9.jar:/Users/calebtracey/.m2/repository/org/xmlunit/xmlunit-core/2.8.2/xmlunit-core-2.8.2.jar:/Users/calebtracey/.m2/repository/org/springframework/security/spring-security-test/5.5.2/spring-security-test-5.5.2.jar:/Users/calebtracey/.m2/repository/org/springframework/security/spring-security-core/5.5.2/spring-security-core-5.5.2.jar:/Users/calebtracey/.m2/repository/org/springframework/security/spring-security-crypto/5.5.2/spring-security-crypto-5.5.2.jar:/Users/calebtracey/.m2/repository/javax/xml/bind/jaxb-api/2.3.1/jaxb-api-2.3.1.jar:/Users/calebtracey/.m2/repository/javax/persistence/javax.persistence-api/2.2/javax.persistence-api-2.2.jar:/Users/calebtracey/.m2/repository/javax/validation/validation-api/2.0.1.Final/validation-api-2.0.1.Final.jar:/Users/calebtracey/.m2/repository/io/jsonwebtoken/jjwt/0.9.1/jjwt-0.9.1.jar:/Users/calebtracey/.m2/repository/com/fasterxml/jackson/core/jackson-databind/2.12.4/jackson-databind-2.12.4.jar:/Users/calebtracey/.m2/repository/com/fasterxml/jackson/core/jackson-annotations/2.12.4/jackson-annotations-2.12.4.jar:/Users/calebtracey/.m2/repository/com/fasterxml/jackson/core/jackson-core/2.12.4/jackson-core-2.12.4.jar:/Users/calebtracey/.m2/repository/com/auth0/java-jwt/3.18.1/java-jwt-3.18.1.jar:/Users/calebtracey/.m2/repository/commons-io/commons-io/2.11.0/commons-io-2.11.0.jar:/Users/calebtracey/.m2/repository/org/apache/commons/commons-lang3/3.12.0/commons-lang3-3.12.0.jar:/Users/calebtracey/.m2/repository/io/projectreactor/reactor-core/3.4.9/reactor-core-3.4.9.jar:/Users/calebtracey/.m2/repository/org/apache/httpcomponents/httpclient/4.5.13/httpclient-4.5.13.jar:/Users/calebtracey/.m2/repository/org/apache/httpcomponents/httpcore/4.4.14/httpcore-4.4.14.jar:/Users/calebtracey/.m2/repository/commons-codec/commons-codec/1.15/commons-codec-1.15.jar:/Users/calebtracey/.m2/repository/org/jetbrains/annotations/23.0.0/annotations-23.0.0.jar:"/>
    <property name="sun.cpu.endian" value="little"/>
    <property name="user.home" value="/Users/calebtracey"/>
    <property name="user.language" value="en"/>
    <property name="java.specification.vendor" value="Oracle Corporation"/>
    <property name="java.version.date" value="2021-07-20"/>
    <property name="java.home" value="/Users/calebtracey/Library/Java/JavaVirtualMachines/corretto-11.0.12/Contents/Home"/>
    <property name="file.separator" value="/"/>
    <property name="basedir" value="/Users/calebtracey/Desktop/1540Project/ultrasound-app"/>
    <property name="java.vm.compressedOopsMode" value="Zero based"/>
    <property name="line.separator" value="&#10;"/>
    <property name="java.specification.name" value="Java Platform API Specification"/>
    <property name="java.vm.specification.vendor" value="Oracle Corporation"/>
    <property name="java.awt.graphicsenv" value="sun.awt.CGraphicsEnvironment"/>
    <property name="surefire.real.class.path" value="/Users/calebtracey/Desktop/1540Project/ultrasound-app/target/surefire/surefirebooter13058449784056779499.jar"/>
    <property name="sun.management.compiler" value="HotSpot 64-Bit Tiered Compilers"/>
    <property name="ftp.nonProxyHosts" value="local|*.local|169.254/16|*.169.254/16"/>
    <property name="java.runtime.version" value="11.0.12+7-LTS"/>
    <property name="user.name" value="calebtracey"/>
    <property name="path.separator" value=":"/>
    <property name="os.version" value="11.6.4"/>
    <property name="java.runtime.name" value="OpenJDK Runtime Environment"/>
    <property name="file.encoding" value="UTF-8"/>
    <property name="java.vm.name" value="OpenJDK 64-Bit Server VM"/>
    <property name="java.vendor.version" value="Corretto-11.0.12.7.2"/>
    <property name="localRepository" value="/Users/calebtracey/.m2/repository"/>
    <property name="java.vendor.url.bug" value="https://github.com/corretto/corretto-11/issues/"/>
    <property name="java.io.tmpdir" value="/var/folders/6t/6x9klln12v3367xq3xs5gx040000gn/T/"/>
    <property name="idea.version" value="2022.1"/>
    <property name="java.version" value="11.0.12"/>
    <property name="user.dir" value="/Users/calebtracey/Desktop/1540Project/ultrasound-app"/>
    <property name="os.arch" value="x86_64"/>
    <property name="java.vm.specification.name" value="Java Virtual Machine Specification"/>
    <property name="java.awt.printerjob" value="sun.lwawt.macosx.CPrinterJob"/>
    <property name="sun.os.patch.level" value="unknown"/>
    <property name="java.library.path" value="/Users/calebtracey/Library/Java/Extensions:/Library/Java/Extensions:/Network/Library/Java/Extensions:/System/Library/Java/Extensions:/usr/lib/java:."/>
    <property name="java.vm.info" value="mixed mode"/>
    <property name="java.vendor" value="Amazon.com Inc."/>
    <property name="java.vm.version" value="11.0.12+7-LTS"/>
    <property name="sun.io.unicode.encoding" value="UnicodeBig"/>
    <property name="java.class.version" value="55.0"/>
    <property name="socksNonProxyHosts" value="local|*.local|169.254/16|*.169.254/16"/>
  </properties>
  <testcase name="contextLoads" classname="com.ultrasound.app.AppApplicationTests" time="0.015"/>
</testsuite>